-------------------------------------------------------------------------------
Test set: example.BuddyInfoControllerTest
-------------------------------------------------------------------------------
Tests run: 1, Failures: 1, Errors: 0, Skipped: 0, Time elapsed: 7.818 s <<< FAILURE! - in example.BuddyInfoControllerTest
buddyInfoSubmitTest  Time elapsed: 0.451 s  <<< FAILURE!
java.lang.AssertionError: Status expected:<200> but was:<405>
	at example.BuddyInfoControllerTest.buddyInfoSubmitTest(BuddyInfoControllerTest.java:70)

